;  LST file generated by mikroListExporter - v.2.0 
; Date/Time: 1/20/2024 7:59:05 PM
;----------------------------------------------

;Address Opcode 	ASM
0x0000	0x2BA1      	GOTO       929
_interrupt:
0x0004	0x00FF      	MOVWF      R15
0x0005	0x0E03      	SWAPF      STATUS, 0
0x0006	0x0183      	CLRF       STATUS
0x0007	0x00BB      	MOVWF      ___saveSTATUS
0x0008	0x080A      	MOVF       PCLATH, 0
0x0009	0x00BA      	MOVWF      ___savePCLATH
0x000A	0x018A      	CLRF       PCLATH
;MyProject.c,15 :: 		void interrupt(void){
;MyProject.c,16 :: 		if(INTCON&0x04){// will get here every 1ms
0x000B	0x1D0B      	BTFSS      INTCON, 2
0x000C	0x2891      	GOTO       L_interrupt0
;MyProject.c,17 :: 		TMR0=248;
0x000D	0x30F8      	MOVLW      248
0x000E	0x0081      	MOVWF      TMR0
;MyProject.c,18 :: 		tick++;
0x000F	0x0AB8      	INCF       _tick, 1
0x0010	0x1903      	BTFSC      STATUS, 2
0x0011	0x0AB9      	INCF       _tick+1, 1
;MyProject.c,20 :: 		if(tick==350){
0x0012	0x0839      	MOVF       _tick+1, 0
0x0013	0x3A01      	XORLW      1
0x0014	0x1D03      	BTFSS      STATUS, 2
0x0015	0x2818      	GOTO       L__interrupt34
0x0016	0x305E      	MOVLW      94
0x0017	0x0638      	XORWF      _tick, 0
L__interrupt34:
0x0018	0x1D03      	BTFSS      STATUS, 2
0x0019	0x2844      	GOTO       L_interrupt1
;MyProject.c,21 :: 		ADC_init(0);
0x001A	0x01BC      	CLRF       FARG_ADC_init_k
0x001B	0x01BD      	CLRF       FARG_ADC_init_k+1
0x001C	0x2387      	CALL       _ADC_init
;MyProject.c,23 :: 		reading = ADC_read();
0x001D	0x228E      	CALL       _ADC_read
0x001E	0x0870      	MOVF       R0, 0
0x001F	0x1283      	BCF        STATUS, 5
0x0020	0x00AE      	MOVWF      _reading
0x0021	0x0871      	MOVF       R0+1, 0
0x0022	0x00AF      	MOVWF      _reading+1
;MyProject.c,24 :: 		temp =(reading*100*5)/(3*1023);
0x0023	0x3064      	MOVLW      100
0x0024	0x00F4      	MOVWF      R4
0x0025	0x3000      	MOVLW      0
0x0026	0x00F5      	MOVWF      R4+1
0x0027	0x22BA      	CALL       _Mul_16X16_U
0x0028	0x3005      	MOVLW      5
0x0029	0x00F4      	MOVWF      R4
0x002A	0x3000      	MOVLW      0
0x002B	0x00F5      	MOVWF      R4+1
0x002C	0x22BA      	CALL       _Mul_16X16_U
0x002D	0x30FD      	MOVLW      253
0x002E	0x00F4      	MOVWF      R4
0x002F	0x300B      	MOVLW      11
0x0030	0x00F5      	MOVWF      R4+1
0x0031	0x229D      	CALL       _Div_16X16_U
0x0032	0x0870      	MOVF       R0, 0
0x0033	0x00A9      	MOVWF      _temp
0x0034	0x0871      	MOVF       R0+1, 0
0x0035	0x00AA      	MOVWF      _temp+1
;MyProject.c,25 :: 		if(temp>20)
0x0036	0x0871      	MOVF       R0+1, 0
0x0037	0x3C00      	SUBLW      0
0x0038	0x1D03      	BTFSS      STATUS, 2
0x0039	0x283C      	GOTO       L__interrupt35
0x003A	0x0870      	MOVF       R0, 0
0x003B	0x3C14      	SUBLW      20
L__interrupt35:
0x003C	0x1803      	BTFSC      STATUS, 0
0x003D	0x2844      	GOTO       L_interrupt2
;MyProject.c,26 :: 		buzzerOn(2);
0x003E	0x3002      	MOVLW      2
0x003F	0x00BC      	MOVWF      FARG_buzzerOn_i
0x0040	0x3000      	MOVLW      0
0x0041	0x00BD      	MOVWF      FARG_buzzerOn_i+1
0x0042	0x2304      	CALL       _buzzerOn
0x0043	0x2844      	GOTO       L_interrupt3
L_interrupt2:
;MyProject.c,28 :: 		PORTC=PORTC | 0x00;}
L_interrupt3:
L_interrupt1:
;MyProject.c,29 :: 		if (tick==700){
0x0044	0x0839      	MOVF       _tick+1, 0
0x0045	0x3A02      	XORLW      2
0x0046	0x1D03      	BTFSS      STATUS, 2
0x0047	0x284A      	GOTO       L__interrupt36
0x0048	0x30BC      	MOVLW      188
0x0049	0x0638      	XORWF      _tick, 0
L__interrupt36:
0x004A	0x1D03      	BTFSS      STATUS, 2
0x004B	0x2864      	GOTO       L_interrupt4
;MyProject.c,30 :: 		read_sonar();
0x004C	0x2320      	CALL       _read_sonar
;MyProject.c,32 :: 		if(Distance<50)
0x004D	0x3000      	MOVLW      0
0x004E	0x0237      	SUBWF      _Distance+3, 0
0x004F	0x1D03      	BTFSS      STATUS, 2
0x0050	0x285B      	GOTO       L__interrupt37
0x0051	0x3000      	MOVLW      0
0x0052	0x0236      	SUBWF      _Distance+2, 0
0x0053	0x1D03      	BTFSS      STATUS, 2
0x0054	0x285B      	GOTO       L__interrupt37
0x0055	0x3000      	MOVLW      0
0x0056	0x0235      	SUBWF      _Distance+1, 0
0x0057	0x1D03      	BTFSS      STATUS, 2
0x0058	0x285B      	GOTO       L__interrupt37
0x0059	0x3032      	MOVLW      50
0x005A	0x0234      	SUBWF      _Distance, 0
L__interrupt37:
0x005B	0x1803      	BTFSC      STATUS, 0
0x005C	0x2864      	GOTO       L_interrupt5
;MyProject.c,34 :: 		PORTB=PORTB | 0x40;
0x005D	0x1706      	BSF        PORTB, 6
;MyProject.c,35 :: 		buzzerOn(1);
0x005E	0x3001      	MOVLW      1
0x005F	0x00BC      	MOVWF      FARG_buzzerOn_i
0x0060	0x3000      	MOVLW      0
0x0061	0x00BD      	MOVWF      FARG_buzzerOn_i+1
0x0062	0x2304      	CALL       _buzzerOn
;MyProject.c,36 :: 		}
0x0063	0x2864      	GOTO       L_interrupt6
L_interrupt5:
;MyProject.c,39 :: 		PORTB=PORTB | 0x00;
;MyProject.c,40 :: 		}}
L_interrupt6:
L_interrupt4:
;MyProject.c,41 :: 		if(tick==1050){//after 500ms
0x0064	0x0839      	MOVF       _tick+1, 0
0x0065	0x3A04      	XORLW      4
0x0066	0x1D03      	BTFSS      STATUS, 2
0x0067	0x286A      	GOTO       L__interrupt38
0x0068	0x301A      	MOVLW      26
0x0069	0x0638      	XORWF      _tick, 0
L__interrupt38:
0x006A	0x1D03      	BTFSS      STATUS, 2
0x006B	0x288F      	GOTO       L_interrupt7
;MyProject.c,42 :: 		tick=0;
0x006C	0x01B8      	CLRF       _tick
0x006D	0x01B9      	CLRF       _tick+1
;MyProject.c,45 :: 		ADC_init(1);
0x006E	0x3001      	MOVLW      1
0x006F	0x00BC      	MOVWF      FARG_ADC_init_k
0x0070	0x3000      	MOVLW      0
0x0071	0x00BD      	MOVWF      FARG_ADC_init_k+1
0x0072	0x2387      	CALL       _ADC_init
;MyProject.c,46 :: 		reading1 = ADC_read();
0x0073	0x228E      	CALL       _ADC_read
0x0074	0x0870      	MOVF       R0, 0
0x0075	0x1283      	BCF        STATUS, 5
0x0076	0x00AB      	MOVWF      _reading1
0x0077	0x0871      	MOVF       R0+1, 0
0x0078	0x00AC      	MOVWF      _reading1+1
;MyProject.c,47 :: 		myVoltage= (reading1*5)/1023;
0x0079	0x3005      	MOVLW      5
0x007A	0x00F4      	MOVWF      R4
0x007B	0x3000      	MOVLW      0
0x007C	0x00F5      	MOVWF      R4+1
0x007D	0x22BA      	CALL       _Mul_16X16_U
0x007E	0x30FF      	MOVLW      255
0x007F	0x00F4      	MOVWF      R4
0x0080	0x3003      	MOVLW      3
0x0081	0x00F5      	MOVWF      R4+1
0x0082	0x229D      	CALL       _Div_16X16_U
0x0083	0x0870      	MOVF       R0, 0
0x0084	0x00AD      	MOVWF      _myVoltage
;MyProject.c,48 :: 		if(myVoltage>0)
0x0085	0x0870      	MOVF       R0, 0
0x0086	0x3C00      	SUBLW      0
0x0087	0x1803      	BTFSC      STATUS, 0
0x0088	0x288F      	GOTO       L_interrupt8
;MyProject.c,49 :: 		buzzerOn(3);
0x0089	0x3003      	MOVLW      3
0x008A	0x00BC      	MOVWF      FARG_buzzerOn_i
0x008B	0x3000      	MOVLW      0
0x008C	0x00BD      	MOVWF      FARG_buzzerOn_i+1
0x008D	0x2304      	CALL       _buzzerOn
0x008E	0x288F      	GOTO       L_interrupt9
L_interrupt8:
;MyProject.c,51 :: 		PORTC=PORTC | 0x00;
L_interrupt9:
;MyProject.c,53 :: 		}
L_interrupt7:
;MyProject.c,54 :: 		INTCON = INTCON & 0xFB; //clear T0IF
0x008F	0x30FB      	MOVLW      251
0x0090	0x058B      	ANDWF      INTCON, 1
;MyProject.c,55 :: 		}
L_interrupt0:
;MyProject.c,56 :: 		if(PIR1&0x04){//CCP1 interrupt
0x0091	0x1D0C      	BTFSS      PIR1, 2
0x0092	0x2895      	GOTO       L_interrupt10
;MyProject.c,58 :: 		PIR1=PIR1&0xFB;
0x0093	0x30FB      	MOVLW      251
0x0094	0x058C      	ANDWF      PIR1, 1
;MyProject.c,59 :: 		}
L_interrupt10:
;MyProject.c,60 :: 		if(PIR1&0x01){//TMR1 ovwerflow
0x0095	0x1C0C      	BTFSS      PIR1, 0
0x0096	0x289C      	GOTO       L_interrupt11
;MyProject.c,62 :: 		T1overflow++;
0x0097	0x0AA3      	INCF       _T1overflow, 1
0x0098	0x1903      	BTFSC      STATUS, 2
0x0099	0x0AA4      	INCF       _T1overflow+1, 1
;MyProject.c,63 :: 		PIR1=PIR1&0xFE;
0x009A	0x30FE      	MOVLW      254
0x009B	0x058C      	ANDWF      PIR1, 1
;MyProject.c,64 :: 		}
L_interrupt11:
;MyProject.c,65 :: 		if(INTCON&0x02){//External Interrupt
0x009C	0x1C8B      	BTFSS      INTCON, 1
0x009D	0x28A0      	GOTO       L_interrupt12
;MyProject.c,66 :: 		INTCON=INTCON&0xFD;
0x009E	0x30FD      	MOVLW      253
0x009F	0x058B      	ANDWF      INTCON, 1
;MyProject.c,67 :: 		}
L_interrupt12:
;MyProject.c,68 :: 		}
L_end_interrupt:
L__interrupt33:
0x00A0	0x083A      	MOVF       ___savePCLATH, 0
0x00A1	0x008A      	MOVWF      PCLATH
0x00A2	0x0E3B      	SWAPF      ___saveSTATUS, 0
0x00A3	0x0083      	MOVWF      STATUS
0x00A4	0x0EFF      	SWAPF      R15, 1
0x00A5	0x0E7F      	SWAPF      R15, 0
0x00A6	0x0009      	RETFIE
; end of _interrupt
_Div_32x32_U:
;__Lib_Math.c,1318 :: 		
;__Lib_Math.c,1327 :: 		
;__Lib_Math.c,1329 :: 		
0x00A7	0x1283      	BCF        STATUS, 5
;__Lib_Math.c,1330 :: 		
0x00A8	0x1303      	BCF        STATUS, 6
;__Lib_Math.c,1331 :: 		
0x00A9	0x01FB      	CLRF       R11
;__Lib_Math.c,1332 :: 		
0x00AA	0x01FA      	CLRF       R10
;__Lib_Math.c,1333 :: 		
0x00AB	0x01F9      	CLRF       R9
;__Lib_Math.c,1334 :: 		
0x00AC	0x01F8      	CLRF       R8
;__Lib_Math.c,1336 :: 		
0x00AD	0x01A0      	CLRF       ___math_tempb
;__Lib_Math.c,1338 :: 		
0x00AE	0x0D73      	RLF        R3, 0
;__Lib_Math.c,1339 :: 		
0x00AF	0x0DF8      	RLF        R8, 1
;__Lib_Math.c,1340 :: 		
0x00B0	0x0874      	MOVF       R4, 0
;__Lib_Math.c,1341 :: 		
0x00B1	0x02F8      	SUBWF      R8, 1
;__Lib_Math.c,1342 :: 		
0x00B2	0x0875      	MOVF       R5, 0
;__Lib_Math.c,1343 :: 		
0x00B3	0x1C03      	BTFSS      STATUS, 0
;__Lib_Math.c,1344 :: 		
0x00B4	0x0F75      	INCFSZ     R5, 0
;__Lib_Math.c,1345 :: 		
0x00B5	0x02F9      	SUBWF      R9, 1
;__Lib_Math.c,1346 :: 		
0x00B6	0x0876      	MOVF       R6, 0
;__Lib_Math.c,1347 :: 		
0x00B7	0x1C03      	BTFSS      STATUS, 0
;__Lib_Math.c,1348 :: 		
0x00B8	0x0F76      	INCFSZ     R6, 0
;__Lib_Math.c,1349 :: 		
0x00B9	0x02FA      	SUBWF      R10, 1
;__Lib_Math.c,1350 :: 		
0x00BA	0x0877      	MOVF       R7, 0
;__Lib_Math.c,1351 :: 		
0x00BB	0x1C03      	BTFSS      STATUS, 0
;__Lib_Math.c,1352 :: 		
0x00BC	0x0F77      	INCFSZ     R7, 0
;__Lib_Math.c,1353 :: 		
0x00BD	0x02FB      	SUBWF      R11, 1
;__Lib_Math.c,1355 :: 		
0x00BE	0x0100      	CLRW
;__Lib_Math.c,1356 :: 		
0x00BF	0x1C03      	BTFSS      STATUS, 0
;__Lib_Math.c,1357 :: 		
0x00C0	0x3001      	MOVLW      1
;__Lib_Math.c,1358 :: 		
0x00C1	0x02A0      	SUBWF      ___math_tempb, 1
;__Lib_Math.c,1359 :: 		
0x00C2	0x0DF3      	RLF        R3, 1
;__Lib_Math.c,1361 :: 		
0x00C3	0x3007      	MOVLW      7
;__Lib_Math.c,1362 :: 		
0x00C4	0x00FC      	MOVWF      R12
;__Lib_Math.c,1364 :: 		
LOOPU3232A:
;__Lib_Math.c,1365 :: 		
0x00C5	0x0D73      	RLF        R3, 0
;__Lib_Math.c,1366 :: 		
0x00C6	0x0DF8      	RLF        R8, 1
;__Lib_Math.c,1367 :: 		
0x00C7	0x0DF9      	RLF        R9, 1
;__Lib_Math.c,1368 :: 		
0x00C8	0x0DFA      	RLF        R10, 1
;__Lib_Math.c,1369 :: 		
0x00C9	0x0DFB      	RLF        R11, 1
;__Lib_Math.c,1370 :: 		
0x00CA	0x0DA0      	RLF        ___math_tempb, 1
;__Lib_Math.c,1371 :: 		
0x00CB	0x0874      	MOVF       R4, 0
;__Lib_Math.c,1372 :: 		
0x00CC	0x1C73      	BTFSS      R3, 0
;__Lib_Math.c,1373 :: 		
0x00CD	0x28E0      	GOTO       UADD22LA
;__Lib_Math.c,1375 :: 		
0x00CE	0x02F8      	SUBWF      R8, 1
;__Lib_Math.c,1376 :: 		
0x00CF	0x0875      	MOVF       R5, 0
;__Lib_Math.c,1377 :: 		
0x00D0	0x1C03      	BTFSS      STATUS, 0
;__Lib_Math.c,1378 :: 		
0x00D1	0x0F75      	INCFSZ     R5, 0
;__Lib_Math.c,1379 :: 		
0x00D2	0x02F9      	SUBWF      R9, 1
;__Lib_Math.c,1380 :: 		
0x00D3	0x0876      	MOVF       R6, 0
;__Lib_Math.c,1381 :: 		
0x00D4	0x1C03      	BTFSS      STATUS, 0
;__Lib_Math.c,1382 :: 		
0x00D5	0x0F76      	INCFSZ     R6, 0
;__Lib_Math.c,1383 :: 		
0x00D6	0x02FA      	SUBWF      R10, 1
;__Lib_Math.c,1384 :: 		
0x00D7	0x0877      	MOVF       R7, 0
;__Lib_Math.c,1385 :: 		
0x00D8	0x1C03      	BTFSS      STATUS, 0
;__Lib_Math.c,1386 :: 		
0x00D9	0x0F77      	INCFSZ     R7, 0
;__Lib_Math.c,1387 :: 		
0x00DA	0x02FB      	SUBWF      R11, 1
;__Lib_Math.c,1388 :: 		
0x00DB	0x0100      	CLRW
;__Lib_Math.c,1389 :: 		
0x00DC	0x1C03      	BTFSS      STATUS, 0
;__Lib_Math.c,1390 :: 		
0x00DD	0x3001      	MOVLW      1
;__Lib_Math.c,1391 :: 		
0x00DE	0x02A0      	SUBWF      ___math_tempb, 1
;__Lib_Math.c,1392 :: 		
0x00DF	0x28F1      	GOTO       UOK22LA
;__Lib_Math.c,1394 :: 		
UADD22LA:
;__Lib_Math.c,1395 :: 		
0x00E0	0x07F8      	ADDWF      R8, 1
;__Lib_Math.c,1396 :: 		
0x00E1	0x0875      	MOVF       R5, 0
;__Lib_Math.c,1397 :: 		
0x00E2	0x1803      	BTFSC      STATUS, 0
;__Lib_Math.c,1398 :: 		
0x00E3	0x0F75      	INCFSZ     R5, 0
;__Lib_Math.c,1399 :: 		
0x00E4	0x07F9      	ADDWF      R9, 1
;__Lib_Math.c,1400 :: 		
0x00E5	0x0876      	MOVF       R6, 0
;__Lib_Math.c,1401 :: 		
0x00E6	0x1803      	BTFSC      STATUS, 0
;__Lib_Math.c,1402 :: 		
0x00E7	0x0F76      	INCFSZ     R6, 0
;__Lib_Math.c,1403 :: 		
0x00E8	0x07FA      	ADDWF      R10, 1
;__Lib_Math.c,1404 :: 		
0x00E9	0x0877      	MOVF       R7, 0
;__Lib_Math.c,1405 :: 		
0x00EA	0x1803      	BTFSC      STATUS, 0
;__Lib_Math.c,1406 :: 		
0x00EB	0x0F77      	INCFSZ     R7, 0
;__Lib_Math.c,1407 :: 		
0x00EC	0x07FB      	ADDWF      R11, 1
;__Lib_Math.c,1408 :: 		
0x00ED	0x0100      	CLRW
;__Lib_Math.c,1409 :: 		
0x00EE	0x1803      	BTFSC      STATUS, 0
;__Lib_Math.c,1410 :: 		
0x00EF	0x3001      	MOVLW      1
;__Lib_Math.c,1411 :: 		
0x00F0	0x07A0      	ADDWF      ___math_tempb, 1
;__Lib_Math.c,1413 :: 		
UOK22LA:
;__Lib_Math.c,1414 :: 		
0x00F1	0x0DF3      	RLF        R3, 1
;__Lib_Math.c,1416 :: 		
0x00F2	0x0BFC      	DECFSZ     R12, 1
;__Lib_Math.c,1417 :: 		
0x00F3	0x28C5      	GOTO       LOOPU3232A
;__Lib_Math.c,1419 :: 		
0x00F4	0x0D72      	RLF        R2, 0
;__Lib_Math.c,1420 :: 		
0x00F5	0x0DF8      	RLF        R8, 1
;__Lib_Math.c,1421 :: 		
0x00F6	0x0DF9      	RLF        R9, 1
;__Lib_Math.c,1422 :: 		
0x00F7	0x0DFA      	RLF        R10, 1
;__Lib_Math.c,1423 :: 		
0x00F8	0x0DFB      	RLF        R11, 1
;__Lib_Math.c,1424 :: 		
0x00F9	0x0DA0      	RLF        ___math_tempb, 1
;__Lib_Math.c,1425 :: 		
0x00FA	0x0874      	MOVF       R4, 0
;__Lib_Math.c,1426 :: 		
0x00FB	0x1C73      	BTFSS      R3, 0
;__Lib_Math.c,1427 :: 		
0x00FC	0x290F      	GOTO       UADD22L8
;__Lib_Math.c,1429 :: 		
0x00FD	0x02F8      	SUBWF      R8, 1
;__Lib_Math.c,1430 :: 		
0x00FE	0x0875      	MOVF       R5, 0
;__Lib_Math.c,1431 :: 		
0x00FF	0x1C03      	BTFSS      STATUS, 0
;__Lib_Math.c,1432 :: 		
0x0100	0x0F75      	INCFSZ     R5, 0
;__Lib_Math.c,1433 :: 		
0x0101	0x02F9      	SUBWF      R9, 1
;__Lib_Math.c,1434 :: 		
0x0102	0x0876      	MOVF       R6, 0
;__Lib_Math.c,1435 :: 		
0x0103	0x1C03      	BTFSS      STATUS, 0
;__Lib_Math.c,1436 :: 		
0x0104	0x0F76      	INCFSZ     R6, 0
;__Lib_Math.c,1437 :: 		
0x0105	0x02FA      	SUBWF      R10, 1
;__Lib_Math.c,1438 :: 		
0x0106	0x0877      	MOVF       R7, 0
;__Lib_Math.c,1439 :: 		
0x0107	0x1C03      	BTFSS      STATUS, 0
;__Lib_Math.c,1440 :: 		
0x0108	0x0F77      	INCFSZ     R7, 0
;__Lib_Math.c,1441 :: 		
0x0109	0x02FB      	SUBWF      R11, 1
;__Lib_Math.c,1442 :: 		
0x010A	0x0100      	CLRW
;__Lib_Math.c,1443 :: 		
0x010B	0x1C03      	BTFSS      STATUS, 0
;__Lib_Math.c,1444 :: 		
0x010C	0x3001      	MOVLW      1
;__Lib_Math.c,1445 :: 		
0x010D	0x02A0      	SUBWF      ___math_tempb, 1
;__Lib_Math.c,1446 :: 		
0x010E	0x2920      	GOTO       UOK22L8
;__Lib_Math.c,1448 :: 		
UADD22L8:
;__Lib_Math.c,1449 :: 		
0x010F	0x07F8      	ADDWF      R8, 1
;__Lib_Math.c,1450 :: 		
0x0110	0x0875      	MOVF       R5, 0
;__Lib_Math.c,1451 :: 		
0x0111	0x1803      	BTFSC      STATUS, 0
;__Lib_Math.c,1452 :: 		
0x0112	0x0F75      	INCFSZ     R5, 0
;__Lib_Math.c,1453 :: 		
0x0113	0x07F9      	ADDWF      R9, 1
;__Lib_Math.c,1454 :: 		
0x0114	0x0876      	MOVF       R6, 0
;__Lib_Math.c,1455 :: 		
0x0115	0x1803      	BTFSC      STATUS, 0
;__Lib_Math.c,1456 :: 		
0x0116	0x0F76      	INCFSZ     R6, 0
;__Lib_Math.c,1457 :: 		
0x0117	0x07FA      	ADDWF      R10, 1
;__Lib_Math.c,1458 :: 		
0x0118	0x0877      	MOVF       R7, 0
;__Lib_Math.c,1459 :: 		
0x0119	0x1803      	BTFSC      STATUS, 0
;__Lib_Math.c,1460 :: 		
0x011A	0x0F77      	INCFSZ     R7, 0
;__Lib_Math.c,1461 :: 		
0x011B	0x07FB      	ADDWF      R11, 1
;__Lib_Math.c,1462 :: 		
0x011C	0x0100      	CLRW
;__Lib_Math.c,1463 :: 		
0x011D	0x1803      	BTFSC      STATUS, 0
;__Lib_Math.c,1464 :: 		
0x011E	0x3001      	MOVLW      1
;__Lib_Math.c,1465 :: 		
0x011F	0x07A0      	ADDWF      ___math_tempb, 1
;__Lib_Math.c,1467 :: 		
UOK22L8:
;__Lib_Math.c,1468 :: 		
0x0120	0x0DF2      	RLF        R2, 1
;__Lib_Math.c,1470 :: 		
0x0121	0x3007      	MOVLW      7
;__Lib_Math.c,1471 :: 		
0x0122	0x00FC      	MOVWF      R12
;__Lib_Math.c,1473 :: 		
LOOPU3232B:
;__Lib_Math.c,1474 :: 		
0x0123	0x0D72      	RLF        R2, 0
;__Lib_Math.c,1475 :: 		
0x0124	0x0DF8      	RLF        R8, 1
;__Lib_Math.c,1476 :: 		
0x0125	0x0DF9      	RLF        R9, 1
;__Lib_Math.c,1477 :: 		
0x0126	0x0DFA      	RLF        R10, 1
;__Lib_Math.c,1478 :: 		
0x0127	0x0DFB      	RLF        R11, 1
;__Lib_Math.c,1479 :: 		
0x0128	0x0DA0      	RLF        ___math_tempb, 1
;__Lib_Math.c,1480 :: 		
0x0129	0x0874      	MOVF       R4, 0
;__Lib_Math.c,1481 :: 		
0x012A	0x1C72      	BTFSS      R2, 0
;__Lib_Math.c,1482 :: 		
0x012B	0x293E      	GOTO       UADD22LB
;__Lib_Math.c,1484 :: 		
0x012C	0x02F8      	SUBWF      R8, 1
;__Lib_Math.c,1485 :: 		
0x012D	0x0875      	MOVF       R5, 0
;__Lib_Math.c,1486 :: 		
0x012E	0x1C03      	BTFSS      STATUS, 0
;__Lib_Math.c,1487 :: 		
0x012F	0x0F75      	INCFSZ     R5, 0
;__Lib_Math.c,1488 :: 		
0x0130	0x02F9      	SUBWF      R9, 1
;__Lib_Math.c,1489 :: 		
0x0131	0x0876      	MOVF       R6, 0
;__Lib_Math.c,1490 :: 		
0x0132	0x1C03      	BTFSS      STATUS, 0
;__Lib_Math.c,1491 :: 		
0x0133	0x0F76      	INCFSZ     R6, 0
;__Lib_Math.c,1492 :: 		
0x0134	0x02FA      	SUBWF      R10, 1
;__Lib_Math.c,1493 :: 		
0x0135	0x0877      	MOVF       R7, 0
;__Lib_Math.c,1494 :: 		
0x0136	0x1C03      	BTFSS      STATUS, 0
;__Lib_Math.c,1495 :: 		
0x0137	0x0F77      	INCFSZ     R7, 0
;__Lib_Math.c,1496 :: 		
0x0138	0x02FB      	SUBWF      R11, 1
;__Lib_Math.c,1497 :: 		
0x0139	0x0100      	CLRW
;__Lib_Math.c,1498 :: 		
0x013A	0x1C03      	BTFSS      STATUS, 0
;__Lib_Math.c,1499 :: 		
0x013B	0x3001      	MOVLW      1
;__Lib_Math.c,1500 :: 		
0x013C	0x02A0      	SUBWF      ___math_tempb, 1
;__Lib_Math.c,1501 :: 		
0x013D	0x294F      	GOTO       UOK22LB
;__Lib_Math.c,1503 :: 		
UADD22LB:
;__Lib_Math.c,1504 :: 		
0x013E	0x07F8      	ADDWF      R8, 1
;__Lib_Math.c,1505 :: 		
0x013F	0x0875      	MOVF       R5, 0
;__Lib_Math.c,1506 :: 		
0x0140	0x1803      	BTFSC      STATUS, 0
;__Lib_Math.c,1507 :: 		
0x0141	0x0F75      	INCFSZ     R5, 0
;__Lib_Math.c,1508 :: 		
0x0142	0x07F9      	ADDWF      R9, 1
;__Lib_Math.c,1509 :: 		
0x0143	0x0876      	MOVF       R6, 0
;__Lib_Math.c,1510 :: 		
0x0144	0x1803      	BTFSC      STATUS, 0
;__Lib_Math.c,1511 :: 		
0x0145	0x0F76      	INCFSZ     R6, 0
;__Lib_Math.c,1512 :: 		
0x0146	0x07FA      	ADDWF      R10, 1
;__Lib_Math.c,1513 :: 		
0x0147	0x0877      	MOVF       R7, 0
;__Lib_Math.c,1514 :: 		
0x0148	0x1803      	BTFSC      STATUS, 0
;__Lib_Math.c,1515 :: 		
0x0149	0x0F77      	INCFSZ     R7, 0
;__Lib_Math.c,1516 :: 		
0x014A	0x07FB      	ADDWF      R11, 1
;__Lib_Math.c,1517 :: 		
0x014B	0x0100      	CLRW
;__Lib_Math.c,1518 :: 		
0x014C	0x1803      	BTFSC      STATUS, 0
;__Lib_Math.c,1519 :: 		
0x014D	0x3001      	MOVLW      1
;__Lib_Math.c,1520 :: 		
0x014E	0x07A0      	ADDWF      ___math_tempb, 1
;__Lib_Math.c,1522 :: 		
UOK22LB:
;__Lib_Math.c,1523 :: 		
0x014F	0x0DF2      	RLF        R2, 1
;__Lib_Math.c,1525 :: 		
0x0150	0x0BFC      	DECFSZ     R12, 1
;__Lib_Math.c,1526 :: 		
0x0151	0x2923      	GOTO       LOOPU3232B
;__Lib_Math.c,1528 :: 		
0x0152	0x0D71      	RLF        R1, 0
;__Lib_Math.c,1529 :: 		
0x0153	0x0DF8      	RLF        R8, 1
;__Lib_Math.c,1530 :: 		
0x0154	0x0DF9      	RLF        R9, 1
;__Lib_Math.c,1531 :: 		
0x0155	0x0DFA      	RLF        R10, 1
;__Lib_Math.c,1532 :: 		
0x0156	0x0DFB      	RLF        R11, 1
;__Lib_Math.c,1533 :: 		
0x0157	0x0DA0      	RLF        ___math_tempb, 1
;__Lib_Math.c,1534 :: 		
0x0158	0x0874      	MOVF       R4, 0
;__Lib_Math.c,1535 :: 		
0x0159	0x1C72      	BTFSS      R2, 0
;__Lib_Math.c,1536 :: 		
0x015A	0x296D      	GOTO       UADD22L16
;__Lib_Math.c,1538 :: 		
0x015B	0x02F8      	SUBWF      R8, 1
;__Lib_Math.c,1539 :: 		
0x015C	0x0875      	MOVF       R5, 0
;__Lib_Math.c,1540 :: 		
0x015D	0x1C03      	BTFSS      STATUS, 0
;__Lib_Math.c,1541 :: 		
0x015E	0x0F75      	INCFSZ     R5, 0
;__Lib_Math.c,1542 :: 		
0x015F	0x02F9      	SUBWF      R9, 1
;__Lib_Math.c,1543 :: 		
0x0160	0x0876      	MOVF       R6, 0
;__Lib_Math.c,1544 :: 		
0x0161	0x1C03      	BTFSS      STATUS, 0
;__Lib_Math.c,1545 :: 		
0x0162	0x0F76      	INCFSZ     R6, 0
;__Lib_Math.c,1546 :: 		
0x0163	0x02FA      	SUBWF      R10, 1
;__Lib_Math.c,1547 :: 		
0x0164	0x0877      	MOVF       R7, 0
;__Lib_Math.c,1548 :: 		
0x0165	0x1C03      	BTFSS      STATUS, 0
;__Lib_Math.c,1549 :: 		
0x0166	0x0F77      	INCFSZ     R7, 0
;__Lib_Math.c,1550 :: 		
0x0167	0x02FB      	SUBWF      R11, 1
;__Lib_Math.c,1551 :: 		
0x0168	0x0100      	CLRW
;__Lib_Math.c,1552 :: 		
0x0169	0x1C03      	BTFSS      STATUS, 0
;__Lib_Math.c,1553 :: 		
0x016A	0x3001      	MOVLW      1
;__Lib_Math.c,1554 :: 		
0x016B	0x02A0      	SUBWF      ___math_tempb, 1
;__Lib_Math.c,1555 :: 		
0x016C	0x297E      	GOTO       UOK22L16
;__Lib_Math.c,1557 :: 		
UADD22L16:
;__Lib_Math.c,1558 :: 		
0x016D	0x07F8      	ADDWF      R8, 1
;__Lib_Math.c,1559 :: 		
0x016E	0x0875      	MOVF       R5, 0
;__Lib_Math.c,1560 :: 		
0x016F	0x1803      	BTFSC      STATUS, 0
;__Lib_Math.c,1561 :: 		
0x0170	0x0F75      	INCFSZ     R5, 0
;__Lib_Math.c,1562 :: 		
0x0171	0x07F9      	ADDWF      R9, 1
;__Lib_Math.c,1563 :: 		
0x0172	0x0876      	MOVF       R6, 0
;__Lib_Math.c,1564 :: 		
0x0173	0x1803      	BTFSC      STATUS, 0
;__Lib_Math.c,1565 :: 		
0x0174	0x0F76      	INCFSZ     R6, 0
;__Lib_Math.c,1566 :: 		
0x0175	0x07FA      	ADDWF      R10, 1
;__Lib_Math.c,1567 :: 		
0x0176	0x0877      	MOVF       R7, 0
;__Lib_Math.c,1568 :: 		
0x0177	0x1803      	BTFSC      STATUS, 0
;__Lib_Math.c,1569 :: 		
0x0178	0x0F77      	INCFSZ     R7, 0
;__Lib_Math.c,1570 :: 		
0x0179	0x07FB      	ADDWF      R11, 1
;__Lib_Math.c,1571 :: 		
0x017A	0x0100      	CLRW
;__Lib_Math.c,1572 :: 		
0x017B	0x1803      	BTFSC      STATUS, 0
;__Lib_Math.c,1573 :: 		
0x017C	0x3001      	MOVLW      1
;__Lib_Math.c,1574 :: 		
0x017D	0x07A0      	ADDWF      ___math_tempb, 1
;__Lib_Math.c,1576 :: 		
UOK22L16:
;__Lib_Math.c,1577 :: 		
0x017E	0x0DF1      	RLF        R1, 1
;__Lib_Math.c,1579 :: 		
0x017F	0x3007      	MOVLW      7
;__Lib_Math.c,1580 :: 		
0x0180	0x00FC      	MOVWF      R12
;__Lib_Math.c,1582 :: 		
LOOPU3232C:
;__Lib_Math.c,1583 :: 		
0x0181	0x0D71      	RLF        R1, 0
;__Lib_Math.c,1584 :: 		
0x0182	0x0DF8      	RLF        R8, 1
;__Lib_Math.c,1585 :: 		
0x0183	0x0DF9      	RLF        R9, 1
;__Lib_Math.c,1586 :: 		
0x0184	0x0DFA      	RLF        R10, 1
;__Lib_Math.c,1587 :: 		
0x0185	0x0DFB      	RLF        R11, 1
;__Lib_Math.c,1588 :: 		
0x0186	0x0DA0      	RLF        ___math_tempb, 1
;__Lib_Math.c,1589 :: 		
0x0187	0x0874      	MOVF       R4, 0
;__Lib_Math.c,1590 :: 		
0x0188	0x1C71      	BTFSS      R1, 0
;__Lib_Math.c,1591 :: 		
0x0189	0x299C      	GOTO       UADD22LC
;__Lib_Math.c,1593 :: 		
0x018A	0x02F8      	SUBWF      R8, 1
;__Lib_Math.c,1594 :: 		
0x018B	0x0875      	MOVF       R5, 0
;__Lib_Math.c,1595 :: 		
0x018C	0x1C03      	BTFSS      STATUS, 0
;__Lib_Math.c,1596 :: 		
0x018D	0x0F75      	INCFSZ     R5, 0
;__Lib_Math.c,1597 :: 		
0x018E	0x02F9      	SUBWF      R9, 1
;__Lib_Math.c,1598 :: 		
0x018F	0x0876      	MOVF       R6, 0
;__Lib_Math.c,1599 :: 		
0x0190	0x1C03      	BTFSS      STATUS, 0
;__Lib_Math.c,1600 :: 		
0x0191	0x0F76      	INCFSZ     R6, 0
;__Lib_Math.c,1601 :: 		
0x0192	0x02FA      	SUBWF      R10, 1
;__Lib_Math.c,1602 :: 		
0x0193	0x0877      	MOVF       R7, 0
;__Lib_Math.c,1603 :: 		
0x0194	0x1C03      	BTFSS      STATUS, 0
;__Lib_Math.c,1604 :: 		
0x0195	0x0F77      	INCFSZ     R7, 0
;__Lib_Math.c,1605 :: 		
0x0196	0x02FB      	SUBWF      R11, 1
;__Lib_Math.c,1606 :: 		
0x0197	0x0100      	CLRW
;__Lib_Math.c,1607 :: 		
0x0198	0x1C03      	BTFSS      STATUS, 0
;__Lib_Math.c,1608 :: 		
0x0199	0x3001      	MOVLW      1
;__Lib_Math.c,1609 :: 		
0x019A	0x02A0      	SUBWF      ___math_tempb, 1
;__Lib_Math.c,1610 :: 		
0x019B	0x29AD      	GOTO       UOK22LC
;__Lib_Math.c,1612 :: 		
UADD22LC:
;__Lib_Math.c,1613 :: 		
0x019C	0x07F8      	ADDWF      R8, 1
;__Lib_Math.c,1614 :: 		
0x019D	0x0875      	MOVF       R5, 0
;__Lib_Math.c,1615 :: 		
0x019E	0x1803      	BTFSC      STATUS, 0
;__Lib_Math.c,1616 :: 		
0x019F	0x0F75      	INCFSZ     R5, 0
;__Lib_Math.c,1617 :: 		
0x01A0	0x07F9      	ADDWF      R9, 1
;__Lib_Math.c,1618 :: 		
0x01A1	0x0876      	MOVF       R6, 0
;__Lib_Math.c,1619 :: 		
0x01A2	0x1803      	BTFSC      STATUS, 0
;__Lib_Math.c,1620 :: 		
0x01A3	0x0F76      	INCFSZ     R6, 0
;__Lib_Math.c,1621 :: 		
0x01A4	0x07FA      	ADDWF      R10, 1
;__Lib_Math.c,1622 :: 		
0x01A5	0x0877      	MOVF       R7, 0
;__Lib_Math.c,1623 :: 		
0x01A6	0x1803      	BTFSC      STATUS, 0
;__Lib_Math.c,1624 :: 		
0x01A7	0x0F77      	INCFSZ     R7, 0
;__Lib_Math.c,1625 :: 		
0x01A8	0x07FB      	ADDWF      R11, 1
;__Lib_Math.c,1626 :: 		
0x01A9	0x0100      	CLRW
;__Lib_Math.c,1627 :: 		
0x01AA	0x1803      	BTFSC      STATUS, 0
;__Lib_Math.c,1628 :: 		
0x01AB	0x3001      	MOVLW      1
;__Lib_Math.c,1629 :: 		
0x01AC	0x07A0      	ADDWF      ___math_tempb, 1
;__Lib_Math.c,1631 :: 		
UOK22LC:
;__Lib_Math.c,1632 :: 		
0x01AD	0x0DF1      	RLF        R1, 1
;__Lib_Math.c,1634 :: 		
0x01AE	0x0BFC      	DECFSZ     R12, 1
;__Lib_Math.c,1635 :: 		
0x01AF	0x2981      	GOTO       LOOPU3232C
;__Lib_Math.c,1637 :: 		
0x01B0	0x0D70      	RLF        R0, 0
;__Lib_Math.c,1638 :: 		
0x01B1	0x0DF8      	RLF        R8, 1
;__Lib_Math.c,1639 :: 		
0x01B2	0x0DF9      	RLF        R9, 1
;__Lib_Math.c,1640 :: 		
0x01B3	0x0DFA      	RLF        R10, 1
;__Lib_Math.c,1641 :: 		
0x01B4	0x0DFB      	RLF        R11, 1
;__Lib_Math.c,1642 :: 		
0x01B5	0x0DA0      	RLF        ___math_tempb, 1
;__Lib_Math.c,1643 :: 		
0x01B6	0x0874      	MOVF       R4, 0
;__Lib_Math.c,1644 :: 		
0x01B7	0x1C71      	BTFSS      R1, 0
;__Lib_Math.c,1645 :: 		
0x01B8	0x29CB      	GOTO       UADD22L24
;__Lib_Math.c,1647 :: 		
0x01B9	0x02F8      	SUBWF      R8, 1
;__Lib_Math.c,1648 :: 		
0x01BA	0x0875      	MOVF       R5, 0
;__Lib_Math.c,1649 :: 		
0x01BB	0x1C03      	BTFSS      STATUS, 0
;__Lib_Math.c,1650 :: 		
0x01BC	0x0F75      	INCFSZ     R5, 0
;__Lib_Math.c,1651 :: 		
0x01BD	0x02F9      	SUBWF      R9, 1
;__Lib_Math.c,1652 :: 		
0x01BE	0x0876      	MOVF       R6, 0
;__Lib_Math.c,1653 :: 		
0x01BF	0x1C03      	BTFSS      STATUS, 0
;__Lib_Math.c,1654 :: 		
0x01C0	0x0F76      	INCFSZ     R6, 0
;__Lib_Math.c,1655 :: 		
0x01C1	0x02FA      	SUBWF      R10, 1
;__Lib_Math.c,1656 :: 		
0x01C2	0x0877      	MOVF       R7, 0
;__Lib_Math.c,1657 :: 		
0x01C3	0x1C03      	BTFSS      STATUS, 0
;__Lib_Math.c,1658 :: 		
0x01C4	0x0F77      	INCFSZ     R7, 0
;__Lib_Math.c,1659 :: 		
0x01C5	0x02FB      	SUBWF      R11, 1
;__Lib_Math.c,1660 :: 		
0x01C6	0x0100      	CLRW
;__Lib_Math.c,1661 :: 		
0x01C7	0x1C03      	BTFSS      STATUS, 0
;__Lib_Math.c,1662 :: 		
0x01C8	0x3001      	MOVLW      1
;__Lib_Math.c,1663 :: 		
0x01C9	0x02A0      	SUBWF      ___math_tempb, 1
;__Lib_Math.c,1664 :: 		
0x01CA	0x29DC      	GOTO       UOK22L24
;__Lib_Math.c,1666 :: 		
UADD22L24:
;__Lib_Math.c,1667 :: 		
0x01CB	0x07F8      	ADDWF      R8, 1
;__Lib_Math.c,1668 :: 		
0x01CC	0x0875      	MOVF       R5, 0
;__Lib_Math.c,1669 :: 		
0x01CD	0x1803      	BTFSC      STATUS, 0
;__Lib_Math.c,1670 :: 		
0x01CE	0x0F75      	INCFSZ     R5, 0
;__Lib_Math.c,1671 :: 		
0x01CF	0x07F9      	ADDWF      R9, 1
;__Lib_Math.c,1672 :: 		
0x01D0	0x0876      	MOVF       R6, 0
;__Lib_Math.c,1673 :: 		
0x01D1	0x1803      	BTFSC      STATUS, 0
;__Lib_Math.c,1674 :: 		
0x01D2	0x0F76      	INCFSZ     R6, 0
;__Lib_Math.c,1675 :: 		
0x01D3	0x07FA      	ADDWF      R10, 1
;__Lib_Math.c,1676 :: 		
0x01D4	0x0877      	MOVF       R7, 0
;__Lib_Math.c,1677 :: 		
0x01D5	0x1803      	BTFSC      STATUS, 0
;__Lib_Math.c,1678 :: 		
0x01D6	0x0F77      	INCFSZ     R7, 0
;__Lib_Math.c,1679 :: 		
0x01D7	0x07FB      	ADDWF      R11, 1
;__Lib_Math.c,1680 :: 		
0x01D8	0x0100      	CLRW
;__Lib_Math.c,1681 :: 		
0x01D9	0x1803      	BTFSC      STATUS, 0
;__Lib_Math.c,1682 :: 		
0x01DA	0x3001      	MOVLW      1
;__Lib_Math.c,1683 :: 		
0x01DB	0x07A0      	ADDWF      ___math_tempb, 1
;__Lib_Math.c,1685 :: 		
UOK22L24:
;__Lib_Math.c,1686 :: 		
0x01DC	0x0DF0      	RLF        R0, 1
;__Lib_Math.c,1688 :: 		
0x01DD	0x3007      	MOVLW      7
;__Lib_Math.c,1689 :: 		
0x01DE	0x00FC      	MOVWF      R12
;__Lib_Math.c,1691 :: 		
LOOPU3232D:
;__Lib_Math.c,1692 :: 		
0x01DF	0x0D70      	RLF        R0, 0
;__Lib_Math.c,1693 :: 		
0x01E0	0x0DF8      	RLF        R8, 1
;__Lib_Math.c,1694 :: 		
0x01E1	0x0DF9      	RLF        R9, 1
;__Lib_Math.c,1695 :: 		
0x01E2	0x0DFA      	RLF        R10, 1
;__Lib_Math.c,1696 :: 		
0x01E3	0x0DFB      	RLF        R11, 1
;__Lib_Math.c,1697 :: 		
0x01E4	0x0DA0      	RLF        ___math_tempb, 1
;__Lib_Math.c,1698 :: 		
0x01E5	0x0874      	MOVF       R4, 0
;__Lib_Math.c,1699 :: 		
0x01E6	0x1C70      	BTFSS      R0, 0
;__Lib_Math.c,1700 :: 		
0x01E7	0x29FA      	GOTO       UADD22LD
;__Lib_Math.c,1702 :: 		
0x01E8	0x02F8      	SUBWF      R8, 1
;__Lib_Math.c,1703 :: 		
0x01E9	0x0875      	MOVF       R5, 0
;__Lib_Math.c,1704 :: 		
0x01EA	0x1C03      	BTFSS      STATUS, 0
;__Lib_Math.c,1705 :: 		
0x01EB	0x0F75      	INCFSZ     R5, 0
;__Lib_Math.c,1706 :: 		
0x01EC	0x02F9      	SUBWF      R9, 1
;__Lib_Math.c,1707 :: 		
0x01ED	0x0876      	MOVF       R6, 0
;__Lib_Math.c,1708 :: 		
0x01EE	0x1C03      	BTFSS      STATUS, 0
;__Lib_Math.c,1709 :: 		
0x01EF	0x0F76      	INCFSZ     R6, 0
;__Lib_Math.c,1710 :: 		
0x01F0	0x02FA      	SUBWF      R10, 1
;__Lib_Math.c,1711 :: 		
0x01F1	0x0877      	MOVF       R7, 0
;__Lib_Math.c,1712 :: 		
0x01F2	0x1C03      	BTFSS      STATUS, 0
;__Lib_Math.c,1713 :: 		
0x01F3	0x0F77      	INCFSZ     R7, 0
;__Lib_Math.c,1714 :: 		
0x01F4	0x02FB      	SUBWF      R11, 1
;__Lib_Math.c,1715 :: 		
0x01F5	0x0100      	CLRW
;__Lib_Math.c,1716 :: 		
0x01F6	0x1C03      	BTFSS      STATUS, 0
;__Lib_Math.c,1717 :: 		
0x01F7	0x3001      	MOVLW      1
;__Lib_Math.c,1718 :: 		
0x01F8	0x02A0      	SUBWF      ___math_tempb, 1
;__Lib_Math.c,1719 :: 		
0x01F9	0x2A0B      	GOTO       UOK22LD
;__Lib_Math.c,1721 :: 		
UADD22LD:
;__Lib_Math.c,1722 :: 		
0x01FA	0x07F8      	ADDWF      R8, 1
;__Lib_Math.c,1723 :: 		
0x01FB	0x0875      	MOVF       R5, 0
;__Lib_Math.c,1724 :: 		
0x01FC	0x1803      	BTFSC      STATUS, 0
;__Lib_Math.c,1725 :: 		
0x01FD	0x0F75      	INCFSZ     R5, 0
;__Lib_Math.c,1726 :: 		
0x01FE	0x07F9      	ADDWF      R9, 1
;__Lib_Math.c,1727 :: 		
0x01FF	0x0876      	MOVF       R6, 0
;__Lib_Math.c,1728 :: 		
0x0200	0x1803      	BTFSC      STATUS, 0
;__Lib_Math.c,1729 :: 		
0x0201	0x0F76      	INCFSZ     R6, 0
;__Lib_Math.c,1730 :: 		
0x0202	0x07FA      	ADDWF      R10, 1
;__Lib_Math.c,1731 :: 		
0x0203	0x0877      	MOVF       R7, 0
;__Lib_Math.c,1732 :: 		
0x0204	0x1803      	BTFSC      STATUS, 0
;__Lib_Math.c,1733 :: 		
0x0205	0x0F77      	INCFSZ     R7, 0
;__Lib_Math.c,1734 :: 		
0x0206	0x07FB      	ADDWF      R11, 1
;__Lib_Math.c,1735 :: 		
0x0207	0x0100      	CLRW
;__Lib_Math.c,1736 :: 		
0x0208	0x1803      	BTFSC      STATUS, 0
;__Lib_Math.c,1737 :: 		
0x0209	0x3001      	MOVLW      1
;__Lib_Math.c,1738 :: 		
0x020A	0x07A0      	ADDWF      ___math_tempb, 1
;__Lib_Math.c,1740 :: 		
UOK22LD:
;__Lib_Math.c,1741 :: 		
0x020B	0x0DF0      	RLF        R0, 1
;__Lib_Math.c,1743 :: 		
0x020C	0x0BFC      	DECFSZ     R12, 1
;__Lib_Math.c,1744 :: 		
0x020D	0x29DF      	GOTO       LOOPU3232D
;__Lib_Math.c,1746 :: 		
0x020E	0x1870      	BTFSC      R0, 0
;__Lib_Math.c,1747 :: 		
0x020F	0x2A1E      	GOTO       UOK22L
;__Lib_Math.c,1748 :: 		
0x0210	0x0874      	MOVF       R4, 0
;__Lib_Math.c,1749 :: 		
0x0211	0x07F8      	ADDWF      R8, 1
;__Lib_Math.c,1750 :: 		
0x0212	0x0875      	MOVF       R5, 0
;__Lib_Math.c,1751 :: 		
0x0213	0x1803      	BTFSC      STATUS, 0
;__Lib_Math.c,1752 :: 		
0x0214	0x0F75      	INCFSZ     R5, 0
;__Lib_Math.c,1753 :: 		
0x0215	0x07F9      	ADDWF      R9, 1
;__Lib_Math.c,1754 :: 		
0x0216	0x0876      	MOVF       R6, 0
;__Lib_Math.c,1755 :: 		
0x0217	0x1803      	BTFSC      STATUS, 0
;__Lib_Math.c,1756 :: 		
0x0218	0x0F76      	INCFSZ     R6, 0
;__Lib_Math.c,1757 :: 		
0x0219	0x07FA      	ADDWF      R10, 1
;__Lib_Math.c,1758 :: 		
0x021A	0x0877      	MOVF       R7, 0
;__Lib_Math.c,1759 :: 		
0x021B	0x1803      	BTFSC      STATUS, 0
;__Lib_Math.c,1760 :: 		
0x021C	0x0F77      	INCFSZ     R7, 0
;__Lib_Math.c,1761 :: 		
0x021D	0x07FB      	ADDWF      R11, 1
;__Lib_Math.c,1763 :: 		
UOK22L:
;__Lib_Math.c,1766 :: 		
L_end_Div_32x32_U:
0x021E	0x0008      	RETURN
; end of _Div_32x32_U
_Mul_32x32_U:
;__Lib_Math.c,1775 :: 		
;__Lib_Math.c,1790 :: 		
0x021F	0x1283      	BCF        STATUS, 5
;__Lib_Math.c,1791 :: 		
0x0220	0x1303      	BCF        STATUS, 6
;__Lib_Math.c,1792 :: 		
0x0221	0x3022      	MOVLW      34
;__Lib_Math.c,1793 :: 		
0x0222	0x00FC      	MOVWF      R12
;__Lib_Math.c,1794 :: 		
0x0223	0x01F8      	CLRF       R8
;__Lib_Math.c,1795 :: 		
0x0224	0x01F9      	CLRF       R9
;__Lib_Math.c,1796 :: 		
0x0225	0x01FA      	CLRF       R10
;__Lib_Math.c,1797 :: 		
0x0226	0x01FB      	CLRF       R11
;__Lib_Math.c,1799 :: 		
_NEXT:
;__Lib_Math.c,1803 :: 		
0x0227	0x03FC      	DECF       R12, 1
;__Lib_Math.c,1804 :: 		
0x0228	0x1903      	BTFSC      STATUS, 2
;__Lib_Math.c,1805 :: 		
0x0229	0x2A55      	GOTO       _EXIT2
;__Lib_Math.c,1806 :: 		
0x022A	0x1003      	BCF        STATUS, 0
;__Lib_Math.c,1808 :: 		
_LOOP:
;__Lib_Math.c,1817 :: 		
0x022B	0x0CFB      	RRF        R11, 1
;__Lib_Math.c,1818 :: 		
0x022C	0x0CFA      	RRF        R10, 1
;__Lib_Math.c,1819 :: 		
0x022D	0x0CF9      	RRF        R9, 1
;__Lib_Math.c,1820 :: 		
0x022E	0x0CF8      	RRF        R8, 1
;__Lib_Math.c,1821 :: 		
0x022F	0x0CF3      	RRF        R3, 1
;__Lib_Math.c,1822 :: 		
0x0230	0x0CF2      	RRF        R2, 1
;__Lib_Math.c,1823 :: 		
0x0231	0x0CF1      	RRF        R1, 1
;__Lib_Math.c,1824 :: 		
0x0232	0x0CF0      	RRF        R0, 1
;__Lib_Math.c,1829 :: 		
0x0233	0x1C03      	BTFSS      STATUS, 0
;__Lib_Math.c,1830 :: 		
0x0234	0x2A27      	GOTO       _NEXT
;__Lib_Math.c,1831 :: 		
0x0235	0x03FC      	DECF       R12, 1
;__Lib_Math.c,1832 :: 		
0x0236	0x1903      	BTFSC      STATUS, 2
;__Lib_Math.c,1833 :: 		
0x0237	0x2A47      	GOTO       _EXIT1
;__Lib_Math.c,1840 :: 		
0x0238	0x0874      	MOVF       R4, 0
;__Lib_Math.c,1841 :: 		
0x0239	0x07F8      	ADDWF      R8, 1
;__Lib_Math.c,1842 :: 		
0x023A	0x0875      	MOVF       R5, 0
;__Lib_Math.c,1843 :: 		
0x023B	0x1803      	BTFSC      STATUS, 0
;__Lib_Math.c,1844 :: 		
0x023C	0x0F75      	INCFSZ     R5, 0
;__Lib_Math.c,1845 :: 		
0x023D	0x07F9      	ADDWF      R9, 1
;__Lib_Math.c,1846 :: 		
0x023E	0x0876      	MOVF       R6, 0
;__Lib_Math.c,1847 :: 		
0x023F	0x1803      	BTFSC      STATUS, 0
;__Lib_Math.c,1848 :: 		
0x0240	0x0F76      	INCFSZ     R6, 0
;__Lib_Math.c,1849 :: 		
0x0241	0x07FA      	ADDWF      R10, 1
;__Lib_Math.c,1850 :: 		
0x0242	0x0877      	MOVF       R7, 0
;__Lib_Math.c,1851 :: 		
0x0243	0x1803      	BTFSC      STATUS, 0
;__Lib_Math.c,1852 :: 		
0x0244	0x0F77      	INCFSZ     R7, 0
;__Lib_Math.c,1853 :: 		
0x0245	0x07FB      	ADDWF      R11, 1
;__Lib_Math.c,1855 :: 		
0x0246	0x2A2B      	GOTO       _LOOP
;__Lib_Math.c,1857 :: 		
_EXIT1:
;__Lib_Math.c,1862 :: 		
0x0247	0x0874      	MOVF       R4, 0
;__Lib_Math.c,1863 :: 		
0x0248	0x07F8      	ADDWF      R8, 1
;__Lib_Math.c,1864 :: 		
0x0249	0x0875      	MOVF       R5, 0
;__Lib_Math.c,1865 :: 		
0x024A	0x1803      	BTFSC      STATUS, 0
;__Lib_Math.c,1866 :: 		
0x024B	0x0F75      	INCFSZ     R5, 0
;__Lib_Math.c,1867 :: 		
0x024C	0x07F9      	ADDWF      R9, 1
;__Lib_Math.c,1868 :: 		
0x024D	0x0876      	MOVF       R6, 0
;__Lib_Math.c,1869 :: 		
0x024E	0x1803      	BTFSC      STATUS, 0
;__Lib_Math.c,1870 :: 		
0x024F	0x0F76      	INCFSZ     R6, 0
;__Lib_Math.c,1871 :: 		
0x0250	0x07FA      	ADDWF      R10, 1
;__Lib_Math.c,1872 :: 		
0x0251	0x0877      	MOVF       R7, 0
;__Lib_Math.c,1873 :: 		
0x0252	0x1803      	BTFSC      STATUS, 0
;__Lib_Math.c,1874 :: 		
0x0253	0x0F77      	INCFSZ     R7, 0
;__Lib_Math.c,1875 :: 		
0x0254	0x07FB      	ADDWF      R11, 1
;__Lib_Math.c,1878 :: 		
_EXIT2:
;__Lib_Math.c,1880 :: 		
L_end_Mul_32x32_U:
0x0255	0x0008      	RETURN
; end of _Mul_32x32_U
_usDelay:
;MyProject.c,162 :: 		void usDelay(unsigned int usCnt){
;MyProject.c,163 :: 		unsigned int us=0;
0x0256	0x1283      	BCF        STATUS, 5
0x0257	0x1303      	BCF        STATUS, 6
0x0258	0x01C0      	CLRF       usDelay_us_L0
0x0259	0x01C1      	CLRF       usDelay_us_L0+1
;MyProject.c,165 :: 		for(us=0;us<usCnt;us++){
0x025A	0x01C0      	CLRF       usDelay_us_L0
0x025B	0x01C1      	CLRF       usDelay_us_L0+1
L_usDelay21:
0x025C	0x083F      	MOVF       FARG_usDelay_usCnt+1, 0
0x025D	0x0241      	SUBWF      usDelay_us_L0+1, 0
0x025E	0x1D03      	BTFSS      STATUS, 2
0x025F	0x2A62      	GOTO       L__usDelay45
0x0260	0x083E      	MOVF       FARG_usDelay_usCnt, 0
0x0261	0x0240      	SUBWF      usDelay_us_L0, 0
L__usDelay45:
0x0262	0x1803      	BTFSC      STATUS, 0
0x0263	0x2A6A      	GOTO       L_usDelay22
;MyProject.c,166 :: 		asm NOP;//0.5 uS
0x0264	0x0000      	NOP
;MyProject.c,167 :: 		asm NOP;//0.5uS
0x0265	0x0000      	NOP
;MyProject.c,165 :: 		for(us=0;us<usCnt;us++){
0x0266	0x0AC0      	INCF       usDelay_us_L0, 1
0x0267	0x1903      	BTFSC      STATUS, 2
0x0268	0x0AC1      	INCF       usDelay_us_L0+1, 1
;MyProject.c,168 :: 		}
0x0269	0x2A5C      	GOTO       L_usDelay21
L_usDelay22:
;MyProject.c,170 :: 		}
L_end_usDelay:
0x026A	0x0008      	RETURN
; end of _usDelay
_msDelay:
;MyProject.c,171 :: 		void msDelay(unsigned int msCnt){
;MyProject.c,172 :: 		unsigned int ms=0;
0x026B	0x1283      	BCF        STATUS, 5
0x026C	0x1303      	BCF        STATUS, 6
0x026D	0x01C0      	CLRF       msDelay_ms_L0
0x026E	0x01C1      	CLRF       msDelay_ms_L0+1
0x026F	0x01C2      	CLRF       msDelay_cc_L0
0x0270	0x01C3      	CLRF       msDelay_cc_L0+1
;MyProject.c,174 :: 		for(ms=0;ms<(msCnt);ms++){
0x0271	0x01C0      	CLRF       msDelay_ms_L0
0x0272	0x01C1      	CLRF       msDelay_ms_L0+1
L_msDelay24:
0x0273	0x083F      	MOVF       FARG_msDelay_msCnt+1, 0
0x0274	0x0241      	SUBWF      msDelay_ms_L0+1, 0
0x0275	0x1D03      	BTFSS      STATUS, 2
0x0276	0x2A79      	GOTO       L__msDelay47
0x0277	0x083E      	MOVF       FARG_msDelay_msCnt, 0
0x0278	0x0240      	SUBWF      msDelay_ms_L0, 0
L__msDelay47:
0x0279	0x1803      	BTFSC      STATUS, 0
0x027A	0x2A8D      	GOTO       L_msDelay25
;MyProject.c,175 :: 		for(cc=0;cc<155;cc++);//1ms
0x027B	0x01C2      	CLRF       msDelay_cc_L0
0x027C	0x01C3      	CLRF       msDelay_cc_L0+1
L_msDelay27:
0x027D	0x3000      	MOVLW      0
0x027E	0x0243      	SUBWF      msDelay_cc_L0+1, 0
0x027F	0x1D03      	BTFSS      STATUS, 2
0x0280	0x2A83      	GOTO       L__msDelay48
0x0281	0x309B      	MOVLW      155
0x0282	0x0242      	SUBWF      msDelay_cc_L0, 0
L__msDelay48:
0x0283	0x1803      	BTFSC      STATUS, 0
0x0284	0x2A89      	GOTO       L_msDelay28
0x0285	0x0AC2      	INCF       msDelay_cc_L0, 1
0x0286	0x1903      	BTFSC      STATUS, 2
0x0287	0x0AC3      	INCF       msDelay_cc_L0+1, 1
0x0288	0x2A7D      	GOTO       L_msDelay27
L_msDelay28:
;MyProject.c,174 :: 		for(ms=0;ms<(msCnt);ms++){
0x0289	0x0AC0      	INCF       msDelay_ms_L0, 1
0x028A	0x1903      	BTFSC      STATUS, 2
0x028B	0x0AC1      	INCF       msDelay_ms_L0+1, 1
;MyProject.c,176 :: 		}
0x028C	0x2A73      	GOTO       L_msDelay24
L_msDelay25:
;MyProject.c,178 :: 		}
L_end_msDelay:
0x028D	0x0008      	RETURN
; end of _msDelay
_ADC_read:
;MyProject.c,149 :: 		unsigned int ADC_read(void){
;MyProject.c,150 :: 		ADCON0 = ADCON0 | 0x04;// GO
0x028E	0x1283      	BCF        STATUS, 5
0x028F	0x1303      	BCF        STATUS, 6
0x0290	0x151F      	BSF        ADCON0, 2
;MyProject.c,151 :: 		while(ADCON0&0x04);
L_ADC_read19:
0x0291	0x1D1F      	BTFSS      ADCON0, 2
0x0292	0x2A94      	GOTO       L_ADC_read20
0x0293	0x2A91      	GOTO       L_ADC_read19
L_ADC_read20:
;MyProject.c,152 :: 		return (ADRESH<<8)| ADRESL;
0x0294	0x081E      	MOVF       ADRESH, 0
0x0295	0x00F1      	MOVWF      R0+1
0x0296	0x01F0      	CLRF       R0
0x0297	0x1683      	BSF        STATUS, 5
0x0298	0x081E      	MOVF       ADRESL, 0
0x0299	0x04F0      	IORWF      R0, 1
0x029A	0x3000      	MOVLW      0
0x029B	0x04F1      	IORWF      R0+1, 1
;MyProject.c,155 :: 		}
L_end_ADC_read:
0x029C	0x0008      	RETURN
; end of _ADC_read
_Div_16X16_U:
;__Lib_Math.c,215 :: 		
;__Lib_Math.c,222 :: 		
0x029D	0x1283      	BCF        STATUS, 5
;__Lib_Math.c,223 :: 		
0x029E	0x1303      	BCF        STATUS, 6
;__Lib_Math.c,224 :: 		
0x029F	0x01F8      	CLRF       R8
;__Lib_Math.c,225 :: 		
0x02A0	0x01F9      	CLRF       R9
;__Lib_Math.c,226 :: 		
0x02A1	0x3010      	MOVLW      16
;__Lib_Math.c,227 :: 		
0x02A2	0x00FC      	MOVWF      R12
;__Lib_Math.c,228 :: 		
0x02A3	0x0D71      	RLF        R1, 0
;__Lib_Math.c,229 :: 		
0x02A4	0x0DF8      	RLF        R8, 1
;__Lib_Math.c,230 :: 		
0x02A5	0x0DF9      	RLF        R9, 1
;__Lib_Math.c,231 :: 		
0x02A6	0x0874      	MOVF       R4, 0
;__Lib_Math.c,232 :: 		
0x02A7	0x02F8      	SUBWF      R8, 1
;__Lib_Math.c,233 :: 		
0x02A8	0x0875      	MOVF       R5, 0
;__Lib_Math.c,234 :: 		
0x02A9	0x1C03      	BTFSS      STATUS, 0
;__Lib_Math.c,235 :: 		
0x02AA	0x0F75      	INCFSZ     R5, 0
;__Lib_Math.c,236 :: 		
0x02AB	0x02F9      	SUBWF      R9, 1
;__Lib_Math.c,237 :: 		
0x02AC	0x1803      	BTFSC      STATUS, 0
;__Lib_Math.c,238 :: 		
0x02AD	0x2AB5      	GOTO       $+8
;__Lib_Math.c,239 :: 		
0x02AE	0x0874      	MOVF       R4, 0
;__Lib_Math.c,240 :: 		
0x02AF	0x07F8      	ADDWF      R8, 1
;__Lib_Math.c,241 :: 		
0x02B0	0x0875      	MOVF       R5, 0
;__Lib_Math.c,242 :: 		
0x02B1	0x1803      	BTFSC      STATUS, 0
;__Lib_Math.c,243 :: 		
0x02B2	0x0F75      	INCFSZ     R5, 0
;__Lib_Math.c,244 :: 		
0x02B3	0x07F9      	ADDWF      R9, 1
;__Lib_Math.c,245 :: 		
0x02B4	0x1003      	BCF        STATUS, 0
;__Lib_Math.c,246 :: 		
0x02B5	0x0DF0      	RLF        R0, 1
;__Lib_Math.c,247 :: 		
0x02B6	0x0DF1      	RLF        R1, 1
;__Lib_Math.c,248 :: 		
0x02B7	0x0BFC      	DECFSZ     R12, 1
;__Lib_Math.c,249 :: 		
0x02B8	0x2AA3      	GOTO       $-21
;__Lib_Math.c,251 :: 		
L_end_Div_16X16_U:
0x02B9	0x0008      	RETURN
; end of _Div_16X16_U
_Mul_16X16_U:
;__Lib_Math.c,136 :: 		
;__Lib_Math.c,143 :: 		
0x02BA	0x1283      	BCF        STATUS, 5
;__Lib_Math.c,144 :: 		
0x02BB	0x1303      	BCF        STATUS, 6
;__Lib_Math.c,145 :: 		
0x02BC	0x01FB      	CLRF       R11
;__Lib_Math.c,146 :: 		
0x02BD	0x01FA      	CLRF       R10
;__Lib_Math.c,147 :: 		
0x02BE	0x01F9      	CLRF       R9
;__Lib_Math.c,148 :: 		
0x02BF	0x3080      	MOVLW      128
;__Lib_Math.c,149 :: 		
0x02C0	0x00F8      	MOVWF      R8
;__Lib_Math.c,150 :: 		
0x02C1	0x0CF1      	RRF        R1, 1
;__Lib_Math.c,151 :: 		
0x02C2	0x0CF0      	RRF        R0, 1
;__Lib_Math.c,152 :: 		
0x02C3	0x1C03      	BTFSS      STATUS, 0
;__Lib_Math.c,153 :: 		
0x02C4	0x2ACE      	GOTO       $+10
;__Lib_Math.c,154 :: 		
0x02C5	0x0874      	MOVF       R4, 0
;__Lib_Math.c,155 :: 		
0x02C6	0x07F9      	ADDWF      R9, 1
;__Lib_Math.c,156 :: 		
0x02C7	0x0875      	MOVF       R5, 0
;__Lib_Math.c,157 :: 		
0x02C8	0x1803      	BTFSC      STATUS, 0
;__Lib_Math.c,158 :: 		
0x02C9	0x0F75      	INCFSZ     R5, 0
;__Lib_Math.c,159 :: 		
0x02CA	0x07FA      	ADDWF      R10, 1
;__Lib_Math.c,160 :: 		
0x02CB	0x1803      	BTFSC      STATUS, 0
;__Lib_Math.c,161 :: 		
0x02CC	0x0AFB      	INCF       R11, 1
;__Lib_Math.c,162 :: 		
0x02CD	0x1003      	BCF        STATUS, 0
;__Lib_Math.c,163 :: 		
0x02CE	0x1FF0      	BTFSS      R0, 7
;__Lib_Math.c,164 :: 		
0x02CF	0x2AD6      	GOTO       $+7
;__Lib_Math.c,165 :: 		
0x02D0	0x0874      	MOVF       R4, 0
;__Lib_Math.c,166 :: 		
0x02D1	0x07FA      	ADDWF      R10, 1
;__Lib_Math.c,167 :: 		
0x02D2	0x0875      	MOVF       R5, 0
;__Lib_Math.c,168 :: 		
0x02D3	0x1803      	BTFSC      STATUS, 0
;__Lib_Math.c,169 :: 		
0x02D4	0x0F75      	INCFSZ     R5, 0
;__Lib_Math.c,170 :: 		
0x02D5	0x07FB      	ADDWF      R11, 1
;__Lib_Math.c,171 :: 		
0x02D6	0x0CFB      	RRF        R11, 1
;__Lib_Math.c,172 :: 		
0x02D7	0x0CFA      	RRF        R10, 1
;__Lib_Math.c,173 :: 		
0x02D8	0x0CF9      	RRF        R9, 1
;__Lib_Math.c,174 :: 		
0x02D9	0x0CF8      	RRF        R8, 1
;__Lib_Math.c,175 :: 		
0x02DA	0x1C03      	BTFSS      STATUS, 0
;__Lib_Math.c,176 :: 		
0x02DB	0x2AC1      	GOTO       $-26
;__Lib_Math.c,177 :: 		
0x02DC	0x087B      	MOVF       R11, 0
;__Lib_Math.c,178 :: 		
0x02DD	0x00F3      	MOVWF      R3
;__Lib_Math.c,179 :: 		
0x02DE	0x087A      	MOVF       R10, 0
;__Lib_Math.c,180 :: 		
0x02DF	0x00F2      	MOVWF      R2
;__Lib_Math.c,181 :: 		
0x02E0	0x0879      	MOVF       R9, 0
;__Lib_Math.c,182 :: 		
0x02E1	0x00F1      	MOVWF      R1
;__Lib_Math.c,183 :: 		
0x02E2	0x0878      	MOVF       R8, 0
;__Lib_Math.c,184 :: 		
0x02E3	0x00F0      	MOVWF      R0
;__Lib_Math.c,187 :: 		
L_end_Mul_16X16_U:
0x02E4	0x0008      	RETURN
; end of _Mul_16X16_U
_init_sonar:
;MyProject.c,123 :: 		void init_sonar(void){
;MyProject.c,124 :: 		T1overflow=0;
0x02E5	0x1283      	BCF        STATUS, 5
0x02E6	0x1303      	BCF        STATUS, 6
0x02E7	0x01A3      	CLRF       _T1overflow
0x02E8	0x01A4      	CLRF       _T1overflow+1
;MyProject.c,125 :: 		T1counts=0;
0x02E9	0x01A5      	CLRF       _T1counts
0x02EA	0x01A6      	CLRF       _T1counts+1
0x02EB	0x01A7      	CLRF       _T1counts+2
0x02EC	0x01A8      	CLRF       _T1counts+3
;MyProject.c,126 :: 		T1time=0;
0x02ED	0x01B0      	CLRF       _T1time
0x02EE	0x01B1      	CLRF       _T1time+1
0x02EF	0x01B2      	CLRF       _T1time+2
0x02F0	0x01B3      	CLRF       _T1time+3
;MyProject.c,127 :: 		Distance=0;
0x02F1	0x01B4      	CLRF       _Distance
0x02F2	0x01B5      	CLRF       _Distance+1
0x02F3	0x01B6      	CLRF       _Distance+2
0x02F4	0x01B7      	CLRF       _Distance+3
;MyProject.c,128 :: 		TMR1H=0;
0x02F5	0x018F      	CLRF       TMR1H
;MyProject.c,129 :: 		TMR1L=0;
0x02F6	0x018E      	CLRF       TMR1L
;MyProject.c,130 :: 		TRISB=0x02; //RB2 for trigger, RB1 for echo
0x02F7	0x3002      	MOVLW      2
0x02F8	0x1683      	BSF        STATUS, 5
0x02F9	0x0086      	MOVWF      TRISB
;MyProject.c,131 :: 		PORTB=0x00;
0x02FA	0x1283      	BCF        STATUS, 5
0x02FB	0x0186      	CLRF       PORTB
;MyProject.c,132 :: 		INTCON=INTCON|0xC0;//GIE and PIE
0x02FC	0x30C0      	MOVLW      192
0x02FD	0x048B      	IORWF      INTCON, 1
;MyProject.c,133 :: 		PIE1=PIE1|0x01;// Enable TMR1 Overflow interrupt
0x02FE	0x1683      	BSF        STATUS, 5
0x02FF	0x140C      	BSF        PIE1, 0
;MyProject.c,135 :: 		T1CON=0x18;//TMR1 OFF, Fosc/4 (inc 1uS) with 1:2 prescaler (TMR1 overflow after 0xFFFF counts ==65536)==> 65.536ms
0x0300	0x3018      	MOVLW      24
0x0301	0x1283      	BCF        STATUS, 5
0x0302	0x0090      	MOVWF      T1CON
;MyProject.c,136 :: 		}
L_end_init_sonar:
0x0303	0x0008      	RETURN
; end of _init_sonar
_buzzerOn:
;MyProject.c,180 :: 		void buzzerOn(unsigned int i){
;MyProject.c,182 :: 		while(i>0){
L_buzzerOn30:
0x0304	0x1283      	BCF        STATUS, 5
0x0305	0x1303      	BCF        STATUS, 6
0x0306	0x083D      	MOVF       FARG_buzzerOn_i+1, 0
0x0307	0x3C00      	SUBLW      0
0x0308	0x1D03      	BTFSS      STATUS, 2
0x0309	0x2B0C      	GOTO       L__buzzerOn50
0x030A	0x083C      	MOVF       FARG_buzzerOn_i, 0
0x030B	0x3C00      	SUBLW      0
L__buzzerOn50:
0x030C	0x1803      	BTFSC      STATUS, 0
0x030D	0x2B1F      	GOTO       L_buzzerOn31
;MyProject.c,183 :: 		PORTC = PORTC | 0x80;
0x030E	0x1787      	BSF        PORTC, 7
;MyProject.c,184 :: 		msDelay(1000);
0x030F	0x30E8      	MOVLW      232
0x0310	0x00BE      	MOVWF      FARG_msDelay_msCnt
0x0311	0x3003      	MOVLW      3
0x0312	0x00BF      	MOVWF      FARG_msDelay_msCnt+1
0x0313	0x226B      	CALL       _msDelay
;MyProject.c,185 :: 		PORTC =0x00;
0x0314	0x0187      	CLRF       PORTC
;MyProject.c,186 :: 		msDelay(1000);
0x0315	0x30E8      	MOVLW      232
0x0316	0x00BE      	MOVWF      FARG_msDelay_msCnt
0x0317	0x3003      	MOVLW      3
0x0318	0x00BF      	MOVWF      FARG_msDelay_msCnt+1
0x0319	0x226B      	CALL       _msDelay
;MyProject.c,187 :: 		i--;
0x031A	0x3001      	MOVLW      1
0x031B	0x02BC      	SUBWF      FARG_buzzerOn_i, 1
0x031C	0x1C03      	BTFSS      STATUS, 0
0x031D	0x03BD      	DECF       FARG_buzzerOn_i+1, 1
;MyProject.c,188 :: 		}
0x031E	0x2B04      	GOTO       L_buzzerOn30
L_buzzerOn31:
;MyProject.c,189 :: 		}
L_end_buzzerOn:
0x031F	0x0008      	RETURN
; end of _buzzerOn
_read_sonar:
;MyProject.c,101 :: 		void read_sonar(void){
;MyProject.c,103 :: 		T1overflow=0;
0x0320	0x1283      	BCF        STATUS, 5
0x0321	0x1303      	BCF        STATUS, 6
0x0322	0x01A3      	CLRF       _T1overflow
0x0323	0x01A4      	CLRF       _T1overflow+1
;MyProject.c,104 :: 		TMR1H=0;
0x0324	0x018F      	CLRF       TMR1H
;MyProject.c,105 :: 		TMR1L=0;
0x0325	0x018E      	CLRF       TMR1L
;MyProject.c,107 :: 		PORTB=0x04;//Trigger the ultrasonic sensor (RB2 connected to trigger)
0x0326	0x3004      	MOVLW      4
0x0327	0x0086      	MOVWF      PORTB
;MyProject.c,108 :: 		usDelay(10);//keep trigger for 10uS
0x0328	0x300A      	MOVLW      10
0x0329	0x00BE      	MOVWF      FARG_usDelay_usCnt
0x032A	0x3000      	MOVLW      0
0x032B	0x00BF      	MOVWF      FARG_usDelay_usCnt+1
0x032C	0x2256      	CALL       _usDelay
;MyProject.c,109 :: 		PORTB=0x00;//Remove trigger
0x032D	0x0186      	CLRF       PORTB
;MyProject.c,110 :: 		while(!(PORTB&0x02));
L_read_sonar15:
0x032E	0x1886      	BTFSC      PORTB, 1
0x032F	0x2B31      	GOTO       L_read_sonar16
0x0330	0x2B2E      	GOTO       L_read_sonar15
L_read_sonar16:
;MyProject.c,111 :: 		T1CON=0x19;//TMR1 ON, Fosc/4 (inc 1uS) with 1:2 prescaler (TMR1 overflow after 0xFFFF counts ==65536)==> 65.536ms
0x0331	0x3019      	MOVLW      25
0x0332	0x0090      	MOVWF      T1CON
;MyProject.c,112 :: 		while(PORTB&0x02);
L_read_sonar17:
0x0333	0x1C86      	BTFSS      PORTB, 1
0x0334	0x2B36      	GOTO       L_read_sonar18
0x0335	0x2B33      	GOTO       L_read_sonar17
L_read_sonar18:
;MyProject.c,113 :: 		T1CON=0x18;//TMR1 OFF, Fosc/4 (inc 1uS) with 1:1 prescaler (TMR1 overflow after 0xFFFF counts ==65536)==> 65.536ms
0x0336	0x3018      	MOVLW      24
0x0337	0x0090      	MOVWF      T1CON
;MyProject.c,114 :: 		T1counts=((TMR1H<<8)|TMR1L)+(T1overflow*65536);
0x0338	0x080F      	MOVF       TMR1H, 0
0x0339	0x00F1      	MOVWF      R0+1
0x033A	0x01F0      	CLRF       R0
0x033B	0x080E      	MOVF       TMR1L, 0
0x033C	0x0470      	IORWF      R0, 0
0x033D	0x00F8      	MOVWF      R8
0x033E	0x0871      	MOVF       R0+1, 0
0x033F	0x00F9      	MOVWF      R8+1
0x0340	0x3000      	MOVLW      0
0x0341	0x04F9      	IORWF      R8+1, 1
0x0342	0x0824      	MOVF       _T1overflow+1, 0
0x0343	0x00F7      	MOVWF      R4+3
0x0344	0x0823      	MOVF       _T1overflow, 0
0x0345	0x00F6      	MOVWF      R4+2
0x0346	0x01F4      	CLRF       R4
0x0347	0x01F5      	CLRF       R4+1
0x0348	0x0878      	MOVF       R8, 0
0x0349	0x00F0      	MOVWF      R0
0x034A	0x0879      	MOVF       R8+1, 0
0x034B	0x00F1      	MOVWF      R0+1
0x034C	0x01F2      	CLRF       R0+2
0x034D	0x01F3      	CLRF       R0+3
0x034E	0x0874      	MOVF       R4, 0
0x034F	0x07F0      	ADDWF      R0, 1
0x0350	0x0875      	MOVF       R4+1, 0
0x0351	0x1803      	BTFSC      STATUS, 0
0x0352	0x0F75      	INCFSZ     R4+1, 0
0x0353	0x07F1      	ADDWF      R0+1, 1
0x0354	0x0876      	MOVF       R4+2, 0
0x0355	0x1803      	BTFSC      STATUS, 0
0x0356	0x0F76      	INCFSZ     R4+2, 0
0x0357	0x07F2      	ADDWF      R0+2, 1
0x0358	0x0877      	MOVF       R4+3, 0
0x0359	0x1803      	BTFSC      STATUS, 0
0x035A	0x0F77      	INCFSZ     R4+3, 0
0x035B	0x07F3      	ADDWF      R0+3, 1
0x035C	0x0870      	MOVF       R0, 0
0x035D	0x00A5      	MOVWF      _T1counts
0x035E	0x0871      	MOVF       R0+1, 0
0x035F	0x00A6      	MOVWF      _T1counts+1
0x0360	0x0872      	MOVF       R0+2, 0
0x0361	0x00A7      	MOVWF      _T1counts+2
0x0362	0x0873      	MOVF       R0+3, 0
0x0363	0x00A8      	MOVWF      _T1counts+3
;MyProject.c,116 :: 		T1time=T1counts;//in microseconds
0x0364	0x0870      	MOVF       R0, 0
0x0365	0x00B0      	MOVWF      _T1time
0x0366	0x0871      	MOVF       R0+1, 0
0x0367	0x00B1      	MOVWF      _T1time+1
0x0368	0x0872      	MOVF       R0+2, 0
0x0369	0x00B2      	MOVWF      _T1time+2
0x036A	0x0873      	MOVF       R0+3, 0
0x036B	0x00B3      	MOVWF      _T1time+3
;MyProject.c,117 :: 		Distance=((T1time*34)/(1000))/2; //in cm, shift left twice to divide by 2
0x036C	0x3022      	MOVLW      34
0x036D	0x00F4      	MOVWF      R4
0x036E	0x01F5      	CLRF       R4+1
0x036F	0x01F6      	CLRF       R4+2
0x0370	0x01F7      	CLRF       R4+3
0x0371	0x221F      	CALL       _Mul_32x32_U
0x0372	0x30E8      	MOVLW      232
0x0373	0x00F4      	MOVWF      R4
0x0374	0x3003      	MOVLW      3
0x0375	0x00F5      	MOVWF      R4+1
0x0376	0x01F6      	CLRF       R4+2
0x0377	0x01F7      	CLRF       R4+3
0x0378	0x20A7      	CALL       _Div_32x32_U
0x0379	0x0870      	MOVF       R0, 0
0x037A	0x00B4      	MOVWF      _Distance
0x037B	0x0871      	MOVF       R0+1, 0
0x037C	0x00B5      	MOVWF      _Distance+1
0x037D	0x0872      	MOVF       R0+2, 0
0x037E	0x00B6      	MOVWF      _Distance+2
0x037F	0x0873      	MOVF       R0+3, 0
0x0380	0x00B7      	MOVWF      _Distance+3
0x0381	0x0CB7      	RRF        _Distance+3, 1
0x0382	0x0CB6      	RRF        _Distance+2, 1
0x0383	0x0CB5      	RRF        _Distance+1, 1
0x0384	0x0CB4      	RRF        _Distance, 1
0x0385	0x13B7      	BCF        _Distance+3, 7
;MyProject.c,121 :: 		}
L_end_read_sonar:
0x0386	0x0008      	RETURN
; end of _read_sonar
_ADC_init:
;MyProject.c,141 :: 		void ADC_init(unsigned int k){
;MyProject.c,143 :: 		i=k<<3;
0x0387	0x1283      	BCF        STATUS, 5
0x0388	0x1303      	BCF        STATUS, 6
0x0389	0x083C      	MOVF       FARG_ADC_init_k, 0
0x038A	0x00F0      	MOVWF      R0
0x038B	0x083D      	MOVF       FARG_ADC_init_k+1, 0
0x038C	0x00F1      	MOVWF      R0+1
0x038D	0x0DF0      	RLF        R0, 1
0x038E	0x0DF1      	RLF        R0+1, 1
0x038F	0x1070      	BCF        R0, 0
0x0390	0x0DF0      	RLF        R0, 1
0x0391	0x0DF1      	RLF        R0+1, 1
0x0392	0x1070      	BCF        R0, 0
0x0393	0x0DF0      	RLF        R0, 1
0x0394	0x0DF1      	RLF        R0+1, 1
0x0395	0x1070      	BCF        R0, 0
;MyProject.c,144 :: 		ADCON1=0xCE;//Right Justify, Fosc/16, AN0 other PORTA and PORTE are digital
0x0396	0x30CE      	MOVLW      206
0x0397	0x1683      	BSF        STATUS, 5
0x0398	0x009F      	MOVWF      ADCON1
;MyProject.c,145 :: 		ADCON0= 0x41 | i ;// ADC ON, Channel 0, Fosc/16
0x0399	0x3041      	MOVLW      65
0x039A	0x0470      	IORWF      R0, 0
0x039B	0x1283      	BCF        STATUS, 5
0x039C	0x009F      	MOVWF      ADCON0
;MyProject.c,146 :: 		TRISA=0x00 | (k+1);
0x039D	0x0A3C      	INCF       FARG_ADC_init_k, 0
0x039E	0x1683      	BSF        STATUS, 5
0x039F	0x0085      	MOVWF      TRISA
;MyProject.c,148 :: 		}
L_end_ADC_init:
0x03A0	0x0008      	RETURN
; end of _ADC_init
_main:
;MyProject.c,73 :: 		void main() {
;MyProject.c,74 :: 		TRISD =0x00;//PORTD for testing
0x03A1	0x1683      	BSF        STATUS, 5
0x03A2	0x1303      	BCF        STATUS, 6
0x03A3	0x0188      	CLRF       TRISD
;MyProject.c,75 :: 		PORTD=0x00;
0x03A4	0x1283      	BCF        STATUS, 5
0x03A5	0x0188      	CLRF       PORTD
;MyProject.c,76 :: 		TRISC = 0x00;//PORTC Output
0x03A6	0x1683      	BSF        STATUS, 5
0x03A7	0x0187      	CLRF       TRISC
;MyProject.c,77 :: 		PORTC=0x00;// Last LED ON
0x03A8	0x1283      	BCF        STATUS, 5
0x03A9	0x0187      	CLRF       PORTC
;MyProject.c,78 :: 		ADCON1=0x06;//PORTA is Digital
0x03AA	0x3006      	MOVLW      6
0x03AB	0x1683      	BSF        STATUS, 5
0x03AC	0x009F      	MOVWF      ADCON1
;MyProject.c,79 :: 		TRISA=0x00;
0x03AD	0x0185      	CLRF       TRISA
;MyProject.c,82 :: 		TMR0=248;
0x03AE	0x30F8      	MOVLW      248
0x03AF	0x1283      	BCF        STATUS, 5
0x03B0	0x0081      	MOVWF      TMR0
;MyProject.c,83 :: 		tick=0;
0x03B1	0x01B8      	CLRF       _tick
0x03B2	0x01B9      	CLRF       _tick+1
;MyProject.c,86 :: 		CCP1CON=0x00;// Disable CCP. Capture on rising for the first time. Capture on Rising: 0x05, Capture on Falling: 0x04
0x03B3	0x0197      	CLRF       CCP1CON
;MyProject.c,89 :: 		OPTION_REG = 0x87;//Fosc/4 with 256 prescaler => incremetn every 0.5us*256=128us ==> overflow 8count*128us=1ms to overflow
0x03B4	0x3087      	MOVLW      135
0x03B5	0x1683      	BSF        STATUS, 5
0x03B6	0x0081      	MOVWF      OPTION_REG
;MyProject.c,90 :: 		INTCON=0xF0;//enable TMR0 overflow, TMR1 overflow, External interrupts and peripheral interrupts;
0x03B7	0x30F0      	MOVLW      240
0x03B8	0x008B      	MOVWF      INTCON
;MyProject.c,92 :: 		init_sonar();
0x03B9	0x22E5      	CALL       _init_sonar
;MyProject.c,95 :: 		while(1){
L_main13:
;MyProject.c,96 :: 		}
0x03BA	0x2BBA      	GOTO       L_main13
;MyProject.c,98 :: 		}
L_end_main:
0x03BB	0x2BBB      	GOTO       $+0
; end of _main
Symbol List:
//** Routines locations **
//ADDRESS    SIZE    PROCEDURE
//----------------------------------------------
0x0004     [163]    _interrupt
0x00A7     [376]    _Div_32x32_U
0x021F      [55]    _Mul_32x32_U
0x0256      [21]    _usDelay
0x026B      [35]    _msDelay
0x028E      [15]    _ADC_read
0x029D      [29]    _Div_16X16_U
0x02BA      [43]    _Mul_16X16_U
0x02E5      [31]    _init_sonar
0x0304      [28]    _buzzerOn
0x0320     [103]    _read_sonar
0x0387      [26]    _ADC_init
0x03A1      [27]    _main
//** Variables locations ** 
//ADDRESS    SIZE    VARIABLE
//----------------------------------------------
0x0000       [1]    INDF
0x0001       [1]    TMR0
0x0003       [1]    STATUS
0x0004       [1]    FSR
0x0006       [1]    PORTB
0x0007       [1]    PORTC
0x0008       [1]    PORTD
0x000A       [1]    PCLATH
0x000B       [1]    INTCON
0x000C       [1]    PIR1
0x000E       [1]    TMR1L
0x000F       [1]    TMR1H
0x0010       [1]    T1CON
0x0017       [1]    CCP1CON
0x001E       [1]    ADRESH
0x001F       [1]    ADCON0
0x0020       [1]    ___math_tempb
0x0021       [2]    ___DoICPAddr
0x0023       [2]    _T1overflow
0x0025       [4]    _T1counts
0x0029       [2]    _temp
0x002B       [2]    _reading1
0x002D       [1]    _myVoltage
0x002E       [2]    _reading
0x0030       [4]    _T1time
0x0034       [4]    _Distance
0x0038       [2]    _tick
0x003A       [1]    ___savePCLATH
0x003B       [1]    ___saveSTATUS
0x003C       [2]    FARG_buzzerOn_i
0x003C       [2]    FARG_ADC_init_k
0x003E       [2]    FARG_msDelay_msCnt
0x003E       [2]    FARG_usDelay_usCnt
0x0040       [2]    usDelay_us_L0
0x0040       [2]    msDelay_ms_L0
0x0042       [2]    msDelay_cc_L0
0x0070       [1]    R0
0x0071       [1]    R1
0x0072       [1]    R2
0x0073       [1]    R3
0x0074       [1]    R4
0x0075       [1]    R5
0x0076       [1]    R6
0x0077       [1]    R7
0x0078       [1]    R8
0x0079       [1]    R9
0x007A       [1]    R10
0x007B       [1]    R11
0x007C       [1]    R12
0x007D       [1]    R13
0x007E       [1]    R14
0x007F       [1]    R15
0x0081       [1]    OPTION_REG
0x0085       [1]    TRISA
0x0086       [1]    TRISB
0x0087       [1]    TRISC
0x0088       [1]    TRISD
0x008C       [1]    PIE1
0x009E       [1]    ADRESL
0x009F       [1]    ADCON1
